%!Adobe-FontList 1.19
%Locale:0x419

%BeginFont
Handler:DirectoryHandler
FontType:Invalid
OutlineFileName:E:\Art\Web design\My portfolio\Portfolio\Portfolio\Font\crimsontext_regular-demo.html
FileModTime:1628043848
%EndFont

%BeginFont
Handler:DirectoryHandler
FontType:Invalid
OutlineFileName:E:\Art\Web design\My portfolio\Portfolio\Portfolio\Font\crimsontext_regular-webfont.woff
FileModTime:1628043848
%EndFont

%BeginFont
Handler:DirectoryHandler
FontType:Invalid
OutlineFileName:E:\Art\Web design\My portfolio\Portfolio\Portfolio\Font\crimsontext_regular-webfont.woff2
FileModTime:1628043848
%EndFont

%BeginFont
Handler:DirectoryHandler
FontType:TrueType
FontName:CrimsonText-Regular
FamilyName:Crimson Text
StyleName:Regular
FullName:Crimson Text Regular
MenuName:Crimson Text
StyleBits:0
WritingScript:Roman
OutlineFileName:E:\Art\Web design\My portfolio\Portfolio\Portfolio\Font\crimsontext_regular.ttf
DataFormat:sfntData
hasSVG:no
VariableFontType:NonVariableFont
FileLength:125568
FileModTime:1295996400
WeightClass:400
WidthClass:5
AngleClass:0
NameArray:0,Win,1,Crimson Text
%EndFont

%BeginFont
Handler:DirectoryHandler
FontType:Invalid
OutlineFileName:E:\Art\Web design\My portfolio\Portfolio\Portfolio\Font\crimsontext_semi_bold-demo.html
FileModTime:1628043848
%EndFont

%BeginFont
Handler:DirectoryHandler
FontType:Invalid
OutlineFileName:E:\Art\Web design\My portfolio\Portfolio\Portfolio\Font\crimsontext_semi_bold-webfont.woff
FileModTime:1628043848
%EndFont

%BeginFont
Handler:DirectoryHandler
FontType:Invalid
OutlineFileName:E:\Art\Web design\My portfolio\Portfolio\Portfolio\Font\crimsontext_semi_bold-webfont.woff2
FileModTime:1628043848
%EndFont

%BeginFont
Handler:DirectoryHandler
FontType:TrueType
FontName:CrimsonText-SemiBold
FamilyName:Crimson Text
StyleName:SemiBold
FullName:Crimson Text SemiBold
MenuName:Crimson Text SemiBold
StyleBits:0
WritingScript:Roman
OutlineFileName:E:\Art\Web design\My portfolio\Portfolio\Portfolio\Font\crimsontext_semi_bold.ttf
DataFormat:sfntData
hasSVG:no
VariableFontType:NonVariableFont
FileLength:52676
FileModTime:1295996400
WeightClass:600
WidthClass:5
AngleClass:0
NameArray:0,Win,1,Crimson Text SemiBold
NameArray:0,Win,16,Crimson Text
%EndFont

%BeginFont
Handler:DirectoryHandler
FontType:Invalid
OutlineFileName:E:\Art\Web design\My portfolio\Portfolio\Portfolio\Font\de_valencia-demo.html
FileModTime:1628043848
%EndFont

%BeginFont
Handler:DirectoryHandler
FontType:Invalid
OutlineFileName:E:\Art\Web design\My portfolio\Portfolio\Portfolio\Font\de_valencia-webfont.woff
FileModTime:1628043848
%EndFont

%BeginFont
Handler:DirectoryHandler
FontType:Invalid
OutlineFileName:E:\Art\Web design\My portfolio\Portfolio\Portfolio\Font\de_valencia-webfont.woff2
FileModTime:1628043848
%EndFont

%BeginFont
Handler:DirectoryHandler
FontType:TrueType
FontName:DeValencia-Regular
FamilyName:De Valencia
StyleName:Regular
FullName:DeValencia-Regular
MenuName:De Valencia
StyleBits:0
WritingScript:Roman
OutlineFileName:E:\Art\Web design\My portfolio\Portfolio\Portfolio\Font\de_valencia.ttf
DataFormat:sfntData
hasSVG:no
VariableFontType:NonVariableFont
FileLength:17608
FileModTime:1615497282
WeightClass:400
WidthClass:5
AngleClass:0
NameArray:0,Mac,18,De Valencia Regular
NameArray:0,Mac,4,DeValencia-Regular
NameArray:0,Win,1,De Valencia
%EndFont

%BeginFont
Handler:DirectoryHandler
FontType:Invalid
OutlineFileName:E:\Art\Web design\My portfolio\Portfolio\Portfolio\Font\generator_config.txt
FileModTime:1628043848
%EndFont

%BeginFont
Handler:DirectoryHandler
FontType:Invalid
OutlineFileName:E:\Art\Web design\My portfolio\Portfolio\Portfolio\Font\stylesheet.css
FileModTime:1628043848
%EndFont

